app/seeds.txt
androidx.vectordrawable.graphics.drawable.VectorDrawableCompat$VectorDrawableDelegateState: android.graphics.drawable.Drawable newDrawable(android.content.res.Resources)
androidx.vectordrawable.graphics.drawable.AndroidResources: int STYLEABLE_PATH_INTERPOLATOR_CONTROL_Y_2
androidx.core.content.res.TypedArrayUtils: android.content.res.ColorStateList getNamedColorStateListFromInt(android.util.TypedValue)
androidx.collection.ArraySet: java.lang.Object valueAt(int)
com.contrarywind.view.R$styleable: int AnimatedStateListDrawableTransition_android_drawable
com.android.superli.btremote.R$styleable: int SwipeMenuLayout_leftSwipe
com.bumptech.glide.request.target.ViewTarget: java.lang.Object getTag()
com.bumptech.glide.load.engine.ResourceRecycler: ResourceRecycler()
com.bumptech.glide.load.DataSource: com.bumptech.glide.load.DataSource RESOURCE_DISK_CACHE
androidx.core.content.pm.ShortcutInfoCompat: java.lang.String getId()
me.jessyan.autosize.R$dimen: int abc_action_button_min_width_overflow_material
androidx.appcompat.widget.ListPopupWindow: java.lang.String TAG
com.android.base.R$color: int accent_material_dark
androidx.exifinterface.media.ExifInterface$ExifAttribute: double getDoubleValue(java.nio.ByteOrder)
com.gyf.immersionbar.R$anim: int abc_popup_enter
me.yokeyword.fragmentation.R$layout: int abc_tooltip
com.bumptech.glide.manager.RequestTracker: void clearRequests()
me.jessyan.autosize.R$style: int ThemeOverlay_AppCompat_Dialog_Alert
com.hjq.permissions.R$drawable: int abc_btn_check_to_on_mtrl_015
com.bumptech.glide.load.data.mediastore.ThumbnailStreamOpener
androidx.recyclerview.widget.ItemTouchHelper$RecoverAnimation: int mActionState
androidx.appcompat.view.ViewPropertyAnimatorCompatSet$1: void onAnimationStart(android.view.View)
androidx.core.app.RemoteInput$Builder: androidx.core.app.RemoteInput build()
me.jessyan.autosize.utils.AutoSizeLog
androidx.appcompat.widget.AppCompatTextView: AppCompatTextView(android.content.Context)
com.youth.banner.Banner: com.youth.banner.Banner setBannerGalleryMZ(int,float)
com.umeng.analytics.pro.bw: byte i
me.yokeyword.fragmentation.R$dimen: int abc_switch_padding
androidx.core.app.ComponentActivity: androidx.collection.SimpleArrayMap mExtraDataMap
me.yokeyword.fragmentation.R$styleable: int AppCompatTheme_colorBackgroundFloating
com.youth.banner.R$id: int accessibility_custom_action_6
androidx.appcompat.view.menu.BaseMenuPresenter: android.content.Context mContext
com.tencent.bugly.proguard.bl: void a(com.tencent.bugly.proguard.k)
androidx.viewpager.widget.PagerAdapter: void restoreState(android.os.Parcelable,java.lang.ClassLoader)
com.youth.banner.R$styleable: int Banner_banner_indicator_margin
androidx.customview.R$attr: int ttcIndex
me.jessyan.autosize.R$drawable: int btn_checkbox_unchecked_mtrl
com.gyf.immersionbar.R$color: int primary_dark_material_dark
androidx.vectordrawable.graphics.drawable.VectorDrawableCompat: android.graphics.PorterDuff$Mode parseTintModeCompat(int,android.graphics.PorterDuff$Mode)
me.yokeyword.fragmentation.R$styleable: int SearchView_searchIcon
androidx.drawerlayout.R$dimen: int notification_subtext_size
com.android.superli.btremote.R$drawable: int abc_tab_indicator_material
com.umeng.commonsdk.statistics.noise.Defcon: int LEVEL_0
com.tencent.bugly.proguard.ap: boolean a
androidx.core.view.ViewCompat: boolean dispatchNestedScroll(android.view.View,int,int,int,int,int[],int)
androidx.lifecycle.LiveData: java.lang.Object mData
com.contrarywind.view.R$style: int Base_TextAppearance_AppCompat_Caption
me.yokeyword.fragmentation.R$dimen: int abc_button_padding_horizontal_material
com.android.superli.btremote.R$style: int Base_TextAppearance_AppCompat_Subhead
me.jessyan.autosize.R$id: int action_bar
com.bigkoo.pickerview.R$styleable: int MenuItem_android_onClick
com.umeng.analytics.pro.x: boolean g(android.content.Context)
com.gyf.immersionbar.R$styleable: int SearchView_android_imeOptions