app/unused.txt
com.android.base.hid.HidPeripheral$1$1
com.yydcdut.sdlv.Compat:
    void <init>()
okhttp3.internal.cache.DiskLruCache$3
com.lzy.okgo.callback.FileCallback
okhttp3.ConnectionSpec:
    private okhttp3.ConnectionSpec supportedSpec(javax.net.ssl.SSLSocket,boolean)
    public boolean supportsTlsExtensions()
    void apply(javax.net.ssl.SSLSocket,boolean)
    public boolean isCompatible(javax.net.ssl.SSLSocket)
okio.ForwardingTimeout
okhttp3.EventListener:
    public void fetchStart(okhttp3.Call)
    public void dnsStart(okhttp3.Call,java.lang.String)
    public void dnsEnd(okhttp3.Call,java.lang.String,java.util.List,java.lang.Throwable)
    public void connectStart(okhttp3.Call,java.net.InetAddress,int)
    public void secureConnectStart(okhttp3.Call)
    public void secureConnectEnd(okhttp3.Call,okhttp3.Handshake,java.lang.Throwable)
    public void connectEnd(okhttp3.Call,java.net.InetAddress,int,java.lang.String,java.lang.Throwable)
    public void requestHeadersStart(okhttp3.Call)
    public void requestHeadersEnd(okhttp3.Call,java.lang.Throwable)
    public void requestBodyStart(okhttp3.Call)
    public void requestBodyEnd(okhttp3.Call,java.lang.Throwable)
    public void responseHeadersStart(okhttp3.Call)
    public void responseHeadersEnd(okhttp3.Call,java.lang.Throwable)
    public void responseBodyStart(okhttp3.Call)
    public void responseBodyEnd(okhttp3.Call,java.lang.Throwable)
    public void fetchEnd(okhttp3.Call,java.lang.Throwable)
com.alibaba.fastjson.parser.deserializer.DefaultFieldDeserializer
com.alibaba.fastjson.parser.JSONScanner
com.android.superli.btremote.utils.IntentUtils
me.yokeyword.fragmentation.TransactionDelegate$12
com.google.gson.LongSerializationPolicy$1:
    public com.google.gson.JsonElement serialize(java.lang.Long)
okhttp3.internal.platform.AndroidPlatform:
    public void connectSocket(java.net.Socket,java.net.InetSocketAddress,int)
    public javax.net.ssl.X509TrustManager trustManager(javax.net.ssl.SSLSocketFactory)
    public void configureTlsExtensions(javax.net.ssl.SSLSocket,java.lang.String,java.util.List)
    public java.lang.String getSelectedProtocol(javax.net.ssl.SSLSocket)
    public java.lang.Object getStackTraceForCloseable(java.lang.String)
    public boolean isCleartextTrafficPermitted(java.lang.String)
    private static final int MAX_LOG_LENGTH
com.google.gson.internal.LinkedHashTreeMap$EntrySet
com.alibaba.fastjson.serializer.FieldSerializer
com.alibaba.fastjson.serializer.PropertyPreFilter
com.alibaba.fastjson.JSONPath$NullSegement
com.alibaba.fastjson.JSONStreamContext
me.yokeyword.fragmentation.TransactionDelegate$6
okhttp3.internal.connection.ConnectionSpecSelector
com.alibaba.fastjson.support.geo.Geometry
com.alibaba.fastjson.util.IOUtils$1
com.lzy.okgo.cache.policy.CachePolicy
com.alibaba.fastjson.serializer.JSONObjectCodec
okhttp3.CacheControl$Builder
com.alibaba.fastjson.JSONAware
com.android.base.ui.XActivity:
    protected void addDebugTextView()
    public synthetic bridge java.lang.Object newP()
okio.HashingSink
okhttp3.internal.cache.CacheInterceptor$1
com.lzy.okgo.model.HttpMethod$1
okhttp3.internal.ws.RealWebSocket